===============================================================
Job Started at Sun Jun 14 12:23:42 -03 2026
Job ID: 455638
Running on node: sdumont2nd1017
===============================================================
Starting Python script for NEE prediction...
--- Loading data RF D1 SS Experiment 7 Key Features ---

--- Iniciando Optuna Optimization ---
>> Trial 0 Summary -> MSE Mean & SD: 1.220 (0.079) | RMSE Mean & SD: 1.104 (0.036) | R2 Mean & SD: 0.499 (0.070) | MEF Mean & SD: 0.500 (0.070)
>> Trial 50 Summary -> MSE Mean & SD: 1.142 (0.039) | RMSE Mean & SD: 1.069 (0.018) | R2 Mean & SD: 0.532 (0.051) | MEF Mean & SD: 0.533 (0.052)
>> Trial 100 Summary -> MSE Mean & SD: 1.097 (0.014) | RMSE Mean & SD: 1.047 (0.007) | R2 Mean & SD: 0.552 (0.028) | MEF Mean & SD: 0.553 (0.028)
>> Trial 150 Summary -> MSE Mean & SD: 1.089 (0.011) | RMSE Mean & SD: 1.044 (0.005) | R2 Mean & SD: 0.555 (0.029) | MEF Mean & SD: 0.556 (0.030)

Best Trial Params: 
n_estimators: 231
max_depth: 6
min_samples_split: 9
min_samples_leaf: 11
max_features: 1
min_weight_fraction_leaf: 0.013281757048184701
min_impurity_decrease: 0.006480448304232273
oob_score: True
ccp_alpha: 0.0033825268836433003

Best Trial Metrics (Mean ± SD across Seasons):
MSE:  1.0817 ± 0.0101
RMSE: 1.0400 ± 0.0049
R2:   0.5581 ± 0.0292
MEF:   0.5591 ± 0.0297

Best Trial Metrics DETAILED by Season:
Estacao_Chuvosa  -> MSE: 1.0715 | RMSE: 1.0352 | R2: 0.5289 | MEF: 0.5294
Estacao_Seca     -> MSE: 1.0918 | RMSE: 1.0449 | R2: 0.5873 | MEF: 0.5889
=======================================================


--- Treinando o Modelo Random Forest Final ---

=======================================================
--- FINAL TEST SET METRICS (RF vs BASELINES) ---
=======================================================

Model: Random Forest
R2:   0.3230
MEF:  0.3280
MSE:  1.6225
RMSE: 1.2738

Model: Persistence
R2:   -0.6193
MEF:  -0.6073
MSE:  3.8806
RMSE: 1.9699

Model: Mean Seasonal
R2:   -0.3789
MEF:  -0.3687
MSE:  3.3044
RMSE: 1.8178

--- Gerando Gráficos Detalhados do RF ---

--- Gerando Gráfico Comparativo: RF vs Baselines ---

--- Scenario Classification Metrics (RF vs Baselines) ---

[Random Forest] Sink Scenarios -> POD: 0.655, FAR: 0.309, BIAS: 0.948, CSI: 0.507, Accuracy: 0.711
[Random Forest] Source Scenarios -> POD: 0.757, FAR: 0.274, BIAS: 1.043, CSI: 0.589, Accuracy: 0.711

[Persistence] Sink Scenarios -> POD: 0.603, FAR: 0.375, BIAS: 0.966, CSI: 0.443, Accuracy: 0.656
[Persistence] Source Scenarios -> POD: 0.700, FAR: 0.319, BIAS: 1.029, CSI: 0.527, Accuracy: 0.656

[Mean Seasonal] Sink Scenarios -> POD: 0.672, FAR: 0.426, BIAS: 1.172, CSI: 0.448, Accuracy: 0.625
[Mean Seasonal] Source Scenarios -> POD: 0.586, FAR: 0.317, BIAS: 0.857, CSI: 0.461, Accuracy: 0.625

--- Generating Performance Diagrams (Roebber Plots) ---

--- Iniciando Análise SHAP no Conjunto de Treinamento ---
Processando via TreeExplainer
Salvando gráficos SHAP...

--- Script finished successfully MRMR RF D1 SS 7 Key Features ---
===============================================================
Job Finished at Sun Jun 14 12:25:18 -03 2026
===============================================================
